impexp/build-f01-isolated/intermediates/manifest_merge_blame_file/debug/processDebugManifest/manifest-merger-blame-debug-report.txt
1<?xml version="1.0" encoding="utf-8"?>
2<manifest xmlns:android="http://schemas.android.com/apk/res/android"
3    xmlns:tools="http://schemas.android.com/tools"
4    package="com.adsamcik.tracker.impexp" >
5
6    <uses-sdk android:minSdkVersion="26" />
6-->INJECTED
6-->INJECTED
7
8</manifest>